1669754726382	geckodriver	INFO	Listening on 127.0.0.1:37195
1669754726546	mozrunner::runner	INFO	Running command: "/snap/firefox/current/firefox.launcher" "--marionette" "--remote-debugging-port" "49935" "--remote-allow-hosts" "localhost" "-no-remote" "-profile" "/tmp/rust_mozprofileKaLva5"
Gtk-Message: 21:45:26.575: Not loading module "atk-bridge": The functionality is provided by GTK natively. Please try to not load it.
ATTENTION: default value of option mesa_glthread overridden by environment.
ATTENTION: default value of option mesa_glthread overridden by environment.
1669754727478	Marionette	INFO	Marionette enabled
1669754727483	Marionette	INFO	Listening on port 40701
Read port: 40701
ATTENTION: default value of option mesa_glthread overridden by environment.
WebDriver BiDi listening on ws://127.0.0.1:49935
1669754727640	RemoteAgent	WARN	TLS certificate errors will be ignored for this session
console.warn: SearchSettings: "get: No settings file exists, new profile?" (new NotFoundError("Could not open the file at /tmp/rust_mozprofileKaLva5/search.json.mozlz4", (void 0)))
DevTools listening on ws://127.0.0.1:49935/devtools/browser/93dee299-bb87-4aaa-95f6-3335b150899d
SourceActor threw an exception: [Exception... "Component returned failure code: 0x80470002 (NS_BASE_STREAM_CLOSED) [nsIInputStream.available]"  nsresult: "0x80470002 (NS_BASE_STREAM_CLOSED)"  location: "JS frame :: resource://devtools/shared/DevToolsUtils.js :: onResponse :: line 571"  data: no]
Stack: onResponse@resource://devtools/shared/DevToolsUtils.js:571:34
onStopRequest@resource://gre/modules/NetUtil.jsm:126:18
Line: 571, column: 0
console.error: ({})
SourceActor threw an exception: [Exception... "Component returned failure code: 0x80470002 (NS_BASE_STREAM_CLOSED) [nsIInputStream.available]"  nsresult: "0x80470002 (NS_BASE_STREAM_CLOSED)"  location: "JS frame :: resource://devtools/shared/DevToolsUtils.js :: onResponse :: line 571"  data: no]
Stack: onResponse@resource://devtools/shared/DevToolsUtils.js:571:34
onStopRequest@resource://gre/modules/NetUtil.jsm:126:18
Line: 571, column: 0
console.error: ({})
JavaScript error: resource://devtools/shared/DevToolsUtils.js, line 571: NS_BASE_STREAM_CLOSED: Component returned failure code: 0x80470002 (NS_BASE_STREAM_CLOSED) [nsIInputStream.available]
JavaScript error: resource://devtools/shared/DevToolsUtils.js, line 571: NS_BASE_STREAM_CLOSED: Component returned failure code: 0x80470002 (NS_BASE_STREAM_CLOSED) [nsIInputStream.available]
SourceActor threw an exception: [Exception... "Component returned failure code: 0x80470002 (NS_BASE_STREAM_CLOSED) [nsIInputStream.available]"  nsresult: "0x80470002 (NS_BASE_STREAM_CLOSED)"  location: "JS frame :: resource://devtools/shared/DevToolsUtils.js :: onResponse :: line 571"  data: no]
Stack: onResponse@resource://devtools/shared/DevToolsUtils.js:571:34
onStopRequest@resource://gre/modules/NetUtil.jsm:126:18
Line: 571, column: 0
console.error: ({})
JavaScript error: resource://devtools/shared/DevToolsUtils.js, line 571: NS_BASE_STREAM_CLOSED: Component returned failure code: 0x80470002 (NS_BASE_STREAM_CLOSED) [nsIInputStream.available]
SourceActor threw an exception: [Exception... "Component returned failure code: 0x80470002 (NS_BASE_STREAM_CLOSED) [nsIInputStream.available]"  nsresult: "0x80470002 (NS_BASE_STREAM_CLOSED)"  location: "JS frame :: resource://devtools/shared/DevToolsUtils.js :: onResponse :: line 571"  data: no]
Stack: onResponse@resource://devtools/shared/DevToolsUtils.js:571:34
onStopRequest@resource://gre/modules/NetUtil.jsm:126:18
Line: 571, column: 0
console.error: ({})
JavaScript error: resource://devtools/shared/DevToolsUtils.js, line 571: NS_BASE_STREAM_CLOSED: Component returned failure code: 0x80470002 (NS_BASE_STREAM_CLOSED) [nsIInputStream.available]
SourceActor threw an exception: [Exception... "Component returned failure code: 0x80470002 (NS_BASE_STREAM_CLOSED) [nsIInputStream.available]"  nsresult: "0x80470002 (NS_BASE_STREAM_CLOSED)"  location: "JS frame :: resource://devtools/shared/DevToolsUtils.js :: onResponse :: line 571"  data: no]
Stack: onResponse@resource://devtools/shared/DevToolsUtils.js:571:34
onStopRequest@resource://gre/modules/NetUtil.jsm:126:18
Line: 571, column: 0
console.error: ({})
JavaScript error: resource://devtools/shared/DevToolsUtils.js, line 571: NS_BASE_STREAM_CLOSED: Component returned failure code: 0x80470002 (NS_BASE_STREAM_CLOSED) [nsIInputStream.available]
JavaScript error: , line 0: NotFoundError: No such JSWindowActor 'DevToolsFrame'
JavaScript error: , line 0: NotFoundError: No such JSWindowActor 'DevToolsFrame'
JavaScript error: , line 0: NotFoundError: No such JSWindowActor 'DevToolsFrame'
JavaScript error: , line 0: NotFoundError: No such JSWindowActor 'DevToolsFrame'
JavaScript error: , line 0: NotFoundError: No such JSWindowActor 'DevToolsFrame'
JavaScript error: , line 0: NotFoundError: No such JSWindowActor 'DevToolsFrame'
JavaScript error: , line 0: NotFoundError: No such JSWindowActor 'DevToolsFrame'
JavaScript error: , line 0: NotFoundError: No such JSWindowActor 'DevToolsFrame'
JavaScript error: , line 0: NotFoundError: No such JSWindowActor 'DevToolsFrame'
1669754764477	Marionette	INFO	Stopped listening on port 40701
console.warn: TopSitesFeed: Failed to fetch data from Contile server: NetworkError when attempting to fetch resource.
