1669756416423	geckodriver	INFO	Listening on 127.0.0.1:51411
1669756416850	mozrunner::runner	INFO	Running command: "/snap/firefox/current/firefox.launcher" "--marionette" "--remote-debugging-port" "50295" "--remote-allow-hosts" "localhost" "-no-remote" "-profile" "/tmp/rust_mozprofile8F1jsF"
Gtk-Message: 22:13:36.880: Not loading module "atk-bridge": The functionality is provided by GTK natively. Please try to not load it.
ATTENTION: default value of option mesa_glthread overridden by environment.
ATTENTION: default value of option mesa_glthread overridden by environment.
1669756417729	Marionette	INFO	Marionette enabled
1669756417734	Marionette	INFO	Listening on port 38813
Read port: 38813
ATTENTION: default value of option mesa_glthread overridden by environment.
WebDriver BiDi listening on ws://127.0.0.1:50295
1669756417875	RemoteAgent	WARN	TLS certificate errors will be ignored for this session
console.warn: SearchSettings: "get: No settings file exists, new profile?" (new NotFoundError("Could not open the file at /tmp/rust_mozprofile8F1jsF/search.json.mozlz4", (void 0)))
DevTools listening on ws://127.0.0.1:50295/devtools/browser/acfa559a-1875-421b-8a66-21c076bfabf7
console.warn: LoginRecipes: "Falling back to a synchronous message for: https://pl.banggood.com."
SourceActor threw an exception: [Exception... "Failed to open input source 'chrome://global/content/neterror/aboutNetErrorCodes.js'"  nsresult: "0x805303f4 (<unknown>)"  location: "JS frame :: resource://devtools/shared/DevToolsUtils.js :: mainThreadFetch/< :: line 676"  data: yes]
Stack: mainThreadFetch/<@resource://devtools/shared/DevToolsUtils.js:676:15
mainThreadFetch@resource://devtools/shared/DevToolsUtils.js:520:10
_fetchURLContents@resource://devtools/server/actors/utils/sources-manager.js:446:22
urlContents@resource://devtools/server/actors/utils/sources-manager.js:410:17
_resurrectSource@resource://devtools/server/actors/thread.js:2154:35
addAllSources@resource://devtools/server/actors/thread.js:1486:14
watch@resource://devtools/server/actors/resources/sources.js:78:17
watchResources@resource://devtools/server/actors/resources/index.js:302:19
addSessionDataEntry@resource://devtools/server/actors/targets/session-data-processors/resources.js:11:21
addSessionDataEntry@resource://devtools/server/actors/targets/target-actor-mixin.js:46:25
_addSessionDataEntry@resource://devtools/server/connectors/js-window-actor/DevToolsFrameChild.sys.mjs:528:24
receiveMessage@resource://devtools/server/connectors/js-window-actor/DevToolsFrameChild.sys.mjs:437:21
Line: 676, column: 0
console.error: ({})
JavaScript error: resource://devtools/shared/DevToolsUtils.js, line 676: Failed to open input source 'chrome://global/content/neterror/aboutNetErrorCodes.js'
SourceActor threw an exception: [Exception... "Component returned failure code: 0x80470002 (NS_BASE_STREAM_CLOSED) [nsIInputStream.available]"  nsresult: "0x80470002 (NS_BASE_STREAM_CLOSED)"  location: "JS frame :: resource://devtools/shared/DevToolsUtils.js :: onResponse :: line 571"  data: no]
Stack: onResponse@resource://devtools/shared/DevToolsUtils.js:571:34
onStopRequest@resource://gre/modules/NetUtil.jsm:126:18
Line: 571, column: 0
console.error: ({})
SourceActor threw an exception: [Exception... "Component returned failure code: 0x80470002 (NS_BASE_STREAM_CLOSED) [nsIInputStream.available]"  nsresult: "0x80470002 (NS_BASE_STREAM_CLOSED)"  location: "JS frame :: resource://devtools/shared/DevToolsUtils.js :: onResponse :: line 571"  data: no]
Stack: onResponse@resource://devtools/shared/DevToolsUtils.js:571:34
onStopRequest@resource://gre/modules/NetUtil.jsm:126:18
Line: 571, column: 0
console.error: ({})
SourceActor threw an exception: [Exception... "Component returned failure code: 0x80470002 (NS_BASE_STREAM_CLOSED) [nsIInputStream.available]"  nsresult: "0x80470002 (NS_BASE_STREAM_CLOSED)"  location: "JS frame :: resource://devtools/shared/DevToolsUtils.js :: onResponse :: line 571"  data: no]
Stack: onResponse@resource://devtools/shared/DevToolsUtils.js:571:34
onStopRequest@resource://gre/modules/NetUtil.jsm:126:18
Line: 571, column: 0
console.error: ({})
JavaScript error: resource://devtools/shared/DevToolsUtils.js, line 571: NS_BASE_STREAM_CLOSED: Component returned failure code: 0x80470002 (NS_BASE_STREAM_CLOSED) [nsIInputStream.available]
JavaScript error: resource://devtools/shared/DevToolsUtils.js, line 571: NS_BASE_STREAM_CLOSED: Component returned failure code: 0x80470002 (NS_BASE_STREAM_CLOSED) [nsIInputStream.available]
JavaScript error: resource://devtools/shared/DevToolsUtils.js, line 571: NS_BASE_STREAM_CLOSED: Component returned failure code: 0x80470002 (NS_BASE_STREAM_CLOSED) [nsIInputStream.available]
SourceActor threw an exception: [Exception... "Component returned failure code: 0x80470002 (NS_BASE_STREAM_CLOSED) [nsIInputStream.available]"  nsresult: "0x80470002 (NS_BASE_STREAM_CLOSED)"  location: "JS frame :: resource://devtools/shared/DevToolsUtils.js :: onResponse :: line 571"  data: no]
Stack: onResponse@resource://devtools/shared/DevToolsUtils.js:571:34
onStopRequest@resource://gre/modules/NetUtil.jsm:126:18
Line: 571, column: 0
console.error: ({})
SourceActor threw an exception: [Exception... "Component returned failure code: 0x80470002 (NS_BASE_STREAM_CLOSED) [nsIInputStream.available]"  nsresult: "0x80470002 (NS_BASE_STREAM_CLOSED)"  location: "JS frame :: resource://devtools/shared/DevToolsUtils.js :: onResponse :: line 571"  data: no]
Stack: onResponse@resource://devtools/shared/DevToolsUtils.js:571:34
onStopRequest@resource://gre/modules/NetUtil.jsm:126:18
Line: 571, column: 0
console.error: ({})
JavaScript error: resource://devtools/shared/DevToolsUtils.js, line 571: NS_BASE_STREAM_CLOSED: Component returned failure code: 0x80470002 (NS_BASE_STREAM_CLOSED) [nsIInputStream.available]
JavaScript error: resource://devtools/shared/DevToolsUtils.js, line 571: NS_BASE_STREAM_CLOSED: Component returned failure code: 0x80470002 (NS_BASE_STREAM_CLOSED) [nsIInputStream.available]
Handler function threw an exception: TypeError: browsingContext.currentWindowGlobal is null
Stack: isChannelFromSystemPrincipal@resource://devtools/server/actors/network-monitor/utils/network-utils.js:97:1
exports.createNetworkEvent@resource://devtools/server/actors/network-monitor/utils/network-utils.js:186:33
_createNetworkEvent@resource://devtools/server/actors/network-monitor/network-observer.js:729:32
_onRequestHeader@resource://devtools/server/actors/network-monitor/network-observer.js:775:10
NetworkObserver.prototype.observeActivity<@resource://devtools/server/actors/network-monitor/network-observer.js:656:12
exports.makeInfallible/<@resource://devtools/shared/ThreadSafeDevToolsUtils.js:103:22
Line: 97, column: 1
console.error: (new TypeError("browsingContext.currentWindowGlobal is null", "resource://devtools/server/actors/network-monitor/utils/network-utils.js", 97))
Handler function threw an exception: TypeError: httpActivity.owner is null
Stack: _onResponseHeader@resource://devtools/server/actors/network-monitor/network-observer.js:1037:5
_dispatchActivity@resource://devtools/server/actors/network-monitor/network-observer.js:577:14
NetworkObserver.prototype.observeActivity<@resource://devtools/server/actors/network-monitor/network-observer.js:686:12
exports.makeInfallible/<@resource://devtools/shared/ThreadSafeDevToolsUtils.js:103:22
Line: 1037, column: 5
console.error: (new TypeError("httpActivity.owner is null", "resource://devtools/server/actors/network-monitor/network-observer.js", 1037))
Handler function _httpStopRequest threw an exception: TypeError: browsingContext.currentWindowGlobal is null
Stack: isChannelFromSystemPrincipal@resource://devtools/server/actors/network-monitor/utils/network-utils.js:97:1
exports.createNetworkEvent@resource://devtools/server/actors/network-monitor/utils/network-utils.js:186:33
_createNetworkEvent@resource://devtools/server/actors/network-monitor/network-observer.js:729:32
_httpStopRequest@resource://devtools/server/actors/network-monitor/network-observer.js:356:14
exports.makeInfallible/<@resource://devtools/shared/ThreadSafeDevToolsUtils.js:103:22
Line: 97, column: 1
console.error: (new TypeError("browsingContext.currentWindowGlobal is null", "resource://devtools/server/actors/network-monitor/utils/network-utils.js", 97))
JavaScript error: https://psr.staticbg.com/rum/monitor.min.js?v=202204181757, line 1: uncaught exception: Object
console.error: "Unable to find target with innerWindowId:4294967317"
console.error: "Unable to find target with innerWindowId:4294967317"
console.error: "Unable to find target with innerWindowId:4294967317"
console.error: "Unable to find target with innerWindowId:4294967317"
console.warn: "Listener for event 'frame' did not return a promise."
console.warn: "Listener for event 'frame' did not return a promise."
console.warn: "Listener for event 'frame' did not return a promise."
console.warn: "Listener for event 'frame' did not return a promise."
console.warn: "Listener for event 'frame' did not return a promise."
console.warn: "Listener for event 'frame' did not return a promise."
console.warn: "Error while destroying front:" "inspector" (new Error("Connection closed, pending request to server0.conn0.windowGlobal4294967358/inspectorActor4, type getWalker failed\n\nRequest stack:\nrequest@resource://devtools/shared/protocol/Front.js:300:14\ngenerateRequestMethods/</frontProto[name]@resource://devtools/shared/protocol/Front/FrontClassWithSpec.js:47:19\n_getWalker@resource://devtools/client/fronts/inspector.js:91:30\ninitialize@resource://devtools/client/fronts/inspector.js:80:12\n", "resource://devtools/shared/protocol/Front.js", 106))
console.error: "Failed to start [root-node] legacy listener for target null" (new Error("Connection closed, pending request to server0.conn0.windowGlobal4294967358/inspectorActor4, type getWalker failed\n\nRequest stack:\nrequest@resource://devtools/shared/protocol/Front.js:300:14\ngenerateRequestMethods/</frontProto[name]@resource://devtools/shared/protocol/Front/FrontClassWithSpec.js:47:19\n_getWalker@resource://devtools/client/fronts/inspector.js:91:30\ninitialize@resource://devtools/client/fronts/inspector.js:80:12\n", "resource://devtools/shared/protocol/Front.js", 106))
JavaScript error: resource://devtools/shared/protocol/Front.js, line 106: Error: Connection closed, pending request to server0.conn0.windowGlobal4294967358/inspectorActor4, type getWalker failed

Request stack:
request@resource://devtools/shared/protocol/Front.js:300:14
generateRequestMethods/</frontProto[name]@resource://devtools/shared/protocol/Front/FrontClassWithSpec.js:47:19
_getWalker@resource://devtools/client/fronts/inspector.js:91:30
initialize@resource://devtools/client/fronts/inspector.js:80:12

console.warn: "Listener for event 'frame' did not return a promise."
console.warn: "Listener for event 'frame' did not return a promise."
console.warn: "Listener for event 'frame' did not return a promise."
console.warn: "Listener for event 'frame' did not return a promise."
Handler function threw an exception: TypeError: browsingContext.currentWindowGlobal is null
Stack: isChannelFromSystemPrincipal@resource://devtools/server/actors/network-monitor/utils/network-utils.js:97:1
exports.createNetworkEvent@resource://devtools/server/actors/network-monitor/utils/network-utils.js:186:33
_createNetworkEvent@resource://devtools/server/actors/network-monitor/network-observer.js:729:32
_onRequestHeader@resource://devtools/server/actors/network-monitor/network-observer.js:775:10
NetworkObserver.prototype.observeActivity<@resource://devtools/server/actors/network-monitor/network-observer.js:656:12
exports.makeInfallible/<@resource://devtools/shared/ThreadSafeDevToolsUtils.js:103:22
Line: 97, column: 1
console.error: (new TypeError("browsingContext.currentWindowGlobal is null", "resource://devtools/server/actors/network-monitor/utils/network-utils.js", 97))
Handler function threw an exception: TypeError: httpActivity.owner is null
Stack: _onResponseHeader@resource://devtools/server/actors/network-monitor/network-observer.js:1037:5
_dispatchActivity@resource://devtools/server/actors/network-monitor/network-observer.js:577:14
NetworkObserver.prototype.observeActivity<@resource://devtools/server/actors/network-monitor/network-observer.js:686:12
exports.makeInfallible/<@resource://devtools/shared/ThreadSafeDevToolsUtils.js:103:22
Line: 1037, column: 5
console.error: (new TypeError("httpActivity.owner is null", "resource://devtools/server/actors/network-monitor/network-observer.js", 1037))
Handler function _httpStopRequest threw an exception: TypeError: browsingContext.currentWindowGlobal is null
Stack: isChannelFromSystemPrincipal@resource://devtools/server/actors/network-monitor/utils/network-utils.js:97:1
exports.createNetworkEvent@resource://devtools/server/actors/network-monitor/utils/network-utils.js:186:33
_createNetworkEvent@resource://devtools/server/actors/network-monitor/network-observer.js:729:32
_httpStopRequest@resource://devtools/server/actors/network-monitor/network-observer.js:356:14
exports.makeInfallible/<@resource://devtools/shared/ThreadSafeDevToolsUtils.js:103:22
Line: 97, column: 1
console.error: (new TypeError("browsingContext.currentWindowGlobal is null", "resource://devtools/server/actors/network-monitor/utils/network-utils.js", 97))
JavaScript error: , line 0: NotFoundError: No such JSWindowActor 'DevToolsFrame'
JavaScript error: , line 0: NotFoundError: No such JSWindowActor 'DevToolsFrame'
JavaScript error: , line 0: NotFoundError: No such JSWindowActor 'DevToolsFrame'
JavaScript error: , line 0: NotFoundError: No such JSWindowActor 'DevToolsFrame'
JavaScript error: , line 0: NotFoundError: No such JSWindowActor 'DevToolsFrame'
JavaScript error: , line 0: NotFoundError: No such JSWindowActor 'DevToolsFrame'
JavaScript error: , line 0: NotFoundError: No such JSWindowActor 'DevToolsFrame'
JavaScript error: , line 0: NotFoundError: No such JSWindowActor 'DevToolsFrame'
JavaScript error: , line 0: NotFoundError: No such JSWindowActor 'DevToolsFrame'
JavaScript error: resource://gre/modules/AsyncShutdown.jsm, line 574: NotFoundError: No such JSWindowActor 'DevToolsFrame'
JavaScript error: resource://gre/modules/AsyncShutdown.jsm, line 574: NotFoundError: No such JSWindowActor 'DevToolsFrame'
JavaScript error: resource://gre/modules/AsyncShutdown.jsm, line 574: NotFoundError: No such JSWindowActor 'DevToolsFrame'
JavaScript error: resource://gre/modules/AsyncShutdown.jsm, line 574: NotFoundError: No such JSWindowActor 'DevToolsFrame'
JavaScript error: resource://gre/modules/AsyncShutdown.jsm, line 574: NotFoundError: No such JSWindowActor 'DevToolsFrame'
JavaScript error: resource://gre/modules/AsyncShutdown.jsm, line 574: NotFoundError: No such JSWindowActor 'DevToolsFrame'
JavaScript error: resource://gre/modules/AsyncShutdown.jsm, line 574: NotFoundError: No such JSWindowActor 'DevToolsFrame'
JavaScript error: resource://gre/modules/AsyncShutdown.jsm, line 574: NotFoundError: No such JSWindowActor 'DevToolsFrame'
JavaScript error: resource://gre/modules/AsyncShutdown.jsm, line 574: NotFoundError: No such JSWindowActor 'DevToolsFrame'
1669756554820	Marionette	INFO	Stopped listening on port 38813
