1669754872997	geckodriver	INFO	Listening on 127.0.0.1:59215
1669754873435	mozrunner::runner	INFO	Running command: "/snap/firefox/current/firefox.launcher" "--marionette" "--remote-debugging-port" "38797" "--remote-allow-hosts" "localhost" "-no-remote" "-profile" "/tmp/rust_mozprofileR5Sjns"
Gtk-Message: 21:47:53.469: Not loading module "atk-bridge": The functionality is provided by GTK natively. Please try to not load it.
ATTENTION: default value of option mesa_glthread overridden by environment.
ATTENTION: default value of option mesa_glthread overridden by environment.
1669754874318	Marionette	INFO	Marionette enabled
1669754874322	Marionette	INFO	Listening on port 41155
Read port: 41155
ATTENTION: default value of option mesa_glthread overridden by environment.
WebDriver BiDi listening on ws://127.0.0.1:38797
1669754874466	RemoteAgent	WARN	TLS certificate errors will be ignored for this session
console.warn: SearchSettings: "get: No settings file exists, new profile?" (new NotFoundError("Could not open the file at /tmp/rust_mozprofileR5Sjns/search.json.mozlz4", (void 0)))
DevTools listening on ws://127.0.0.1:38797/devtools/browser/caa76390-0ee6-4d6f-a77d-318897e687ad
SourceActor threw an exception: [Exception... "Component returned failure code: 0x80470002 (NS_BASE_STREAM_CLOSED) [nsIInputStream.available]"  nsresult: "0x80470002 (NS_BASE_STREAM_CLOSED)"  location: "JS frame :: resource://devtools/shared/DevToolsUtils.js :: onResponse :: line 571"  data: no]
Stack: onResponse@resource://devtools/shared/DevToolsUtils.js:571:34
onStopRequest@resource://gre/modules/NetUtil.jsm:126:18
Line: 571, column: 0
console.error: ({})
JavaScript error: resource://devtools/shared/DevToolsUtils.js, line 571: NS_BASE_STREAM_CLOSED: Component returned failure code: 0x80470002 (NS_BASE_STREAM_CLOSED) [nsIInputStream.available]
SourceActor threw an exception: [Exception... "Component returned failure code: 0x80470002 (NS_BASE_STREAM_CLOSED) [nsIInputStream.available]"  nsresult: "0x80470002 (NS_BASE_STREAM_CLOSED)"  location: "JS frame :: resource://devtools/shared/DevToolsUtils.js :: onResponse :: line 571"  data: no]
Stack: onResponse@resource://devtools/shared/DevToolsUtils.js:571:34
onStopRequest@resource://gre/modules/NetUtil.jsm:126:18
Line: 571, column: 0
console.error: ({})
JavaScript error: resource://devtools/shared/DevToolsUtils.js, line 571: NS_BASE_STREAM_CLOSED: Component returned failure code: 0x80470002 (NS_BASE_STREAM_CLOSED) [nsIInputStream.available]
SourceActor threw an exception: [Exception... "Component returned failure code: 0x80470002 (NS_BASE_STREAM_CLOSED) [nsIInputStream.available]"  nsresult: "0x80470002 (NS_BASE_STREAM_CLOSED)"  location: "JS frame :: resource://devtools/shared/DevToolsUtils.js :: onResponse :: line 571"  data: no]
Stack: onResponse@resource://devtools/shared/DevToolsUtils.js:571:34
onStopRequest@resource://gre/modules/NetUtil.jsm:126:18
Line: 571, column: 0
console.error: ({})
JavaScript error: resource://devtools/shared/DevToolsUtils.js, line 571: NS_BASE_STREAM_CLOSED: Component returned failure code: 0x80470002 (NS_BASE_STREAM_CLOSED) [nsIInputStream.available]
SourceActor threw an exception: [Exception... "Component returned failure code: 0x80470002 (NS_BASE_STREAM_CLOSED) [nsIInputStream.available]"  nsresult: "0x80470002 (NS_BASE_STREAM_CLOSED)"  location: "JS frame :: resource://devtools/shared/DevToolsUtils.js :: onResponse :: line 571"  data: no]
Stack: onResponse@resource://devtools/shared/DevToolsUtils.js:571:34
onStopRequest@resource://gre/modules/NetUtil.jsm:126:18
Line: 571, column: 0
console.error: ({})
JavaScript error: resource://devtools/shared/DevToolsUtils.js, line 571: NS_BASE_STREAM_CLOSED: Component returned failure code: 0x80470002 (NS_BASE_STREAM_CLOSED) [nsIInputStream.available]
SourceActor threw an exception: [Exception... "Component returned failure code: 0x80470002 (NS_BASE_STREAM_CLOSED) [nsIInputStream.available]"  nsresult: "0x80470002 (NS_BASE_STREAM_CLOSED)"  location: "JS frame :: resource://devtools/shared/DevToolsUtils.js :: onResponse :: line 571"  data: no]
Stack: onResponse@resource://devtools/shared/DevToolsUtils.js:571:34
onStopRequest@resource://gre/modules/NetUtil.jsm:126:18
Line: 571, column: 0
console.error: ({})
JavaScript error: resource://devtools/shared/DevToolsUtils.js, line 571: NS_BASE_STREAM_CLOSED: Component returned failure code: 0x80470002 (NS_BASE_STREAM_CLOSED) [nsIInputStream.available]
console.error: "[COMPATIBILITY_APPEND_NODE_FAILURE] topLevelTarget is null"
console.error: "appendNode/<@resource://devtools/client/inspector/compatibility/actions/compatibility.js:58:26\nthunk/</</<@resource://devtools/client/shared/redux/middleware/thunk.js:17:11\n_onMarkupMutation@resource://devtools/client/inspector/compatibility/CompatibilityView.js:203:30\n_emit@resource://devtools/shared/event-emitter.js:242:32\nemit@resource://devtools/shared/event-emitter.js:186:18\nemit@resource://devtools/shared/event-emitter.js:330:18\n_onWalkerMutations/<@resource://devtools/client/inspector/markup/markup.js:1550:22\n"
console.error: "[COMPATIBILITY_APPEND_NODE_FAILURE] topLevelTarget is null"
console.error: "appendNode/<@resource://devtools/client/inspector/compatibility/actions/compatibility.js:58:26\nthunk/</</<@resource://devtools/client/shared/redux/middleware/thunk.js:17:11\n_onMarkupMutation@resource://devtools/client/inspector/compatibility/CompatibilityView.js:203:30\n_emit@resource://devtools/shared/event-emitter.js:242:32\nemit@resource://devtools/shared/event-emitter.js:186:18\nemit@resource://devtools/shared/event-emitter.js:330:18\n_onWalkerMutations/<@resource://devtools/client/inspector/markup/markup.js:1550:22\n"
console.error: "[COMPATIBILITY_APPEND_NODE_FAILURE] topLevelTarget is null"
console.error: "appendNode/<@resource://devtools/client/inspector/compatibility/actions/compatibility.js:58:26\nthunk/</</<@resource://devtools/client/shared/redux/middleware/thunk.js:17:11\n_onMarkupMutation@resource://devtools/client/inspector/compatibility/CompatibilityView.js:203:30\n_emit@resource://devtools/shared/event-emitter.js:242:32\nemit@resource://devtools/shared/event-emitter.js:186:18\nemit@resource://devtools/shared/event-emitter.js:330:18\n_onWalkerMutations/<@resource://devtools/client/inspector/markup/markup.js:1550:22\n"
Handler function threw an exception: TypeError: browsingContext.currentWindowGlobal is null
Stack: isChannelFromSystemPrincipal@resource://devtools/server/actors/network-monitor/utils/network-utils.js:97:1
exports.createNetworkEvent@resource://devtools/server/actors/network-monitor/utils/network-utils.js:186:33
_createNetworkEvent@resource://devtools/server/actors/network-monitor/network-observer.js:729:32
_onRequestHeader@resource://devtools/server/actors/network-monitor/network-observer.js:775:10
NetworkObserver.prototype.observeActivity<@resource://devtools/server/actors/network-monitor/network-observer.js:656:12
exports.makeInfallible/<@resource://devtools/shared/ThreadSafeDevToolsUtils.js:103:22
Line: 97, column: 1
console.error: (new TypeError("browsingContext.currentWindowGlobal is null", "resource://devtools/server/actors/network-monitor/utils/network-utils.js", 97))
Handler function threw an exception: TypeError: httpActivity.owner is null
Stack: _onResponseHeader@resource://devtools/server/actors/network-monitor/network-observer.js:1037:5
_dispatchActivity@resource://devtools/server/actors/network-monitor/network-observer.js:577:14
NetworkObserver.prototype.observeActivity<@resource://devtools/server/actors/network-monitor/network-observer.js:686:12
exports.makeInfallible/<@resource://devtools/shared/ThreadSafeDevToolsUtils.js:103:22
Line: 1037, column: 5
console.error: (new TypeError("httpActivity.owner is null", "resource://devtools/server/actors/network-monitor/network-observer.js", 1037))
Handler function _httpStopRequest threw an exception: TypeError: browsingContext.currentWindowGlobal is null
Stack: isChannelFromSystemPrincipal@resource://devtools/server/actors/network-monitor/utils/network-utils.js:97:1
exports.createNetworkEvent@resource://devtools/server/actors/network-monitor/utils/network-utils.js:186:33
_createNetworkEvent@resource://devtools/server/actors/network-monitor/network-observer.js:729:32
_httpStopRequest@resource://devtools/server/actors/network-monitor/network-observer.js:356:14
exports.makeInfallible/<@resource://devtools/shared/ThreadSafeDevToolsUtils.js:103:22
Line: 97, column: 1
console.error: (new TypeError("browsingContext.currentWindowGlobal is null", "resource://devtools/server/actors/network-monitor/utils/network-utils.js", 97))
console.error: "[COMPATIBILITY_APPEND_NODE_FAILURE] topLevelTarget is null"
console.error: "appendNode/<@resource://devtools/client/inspector/compatibility/actions/compatibility.js:58:26\nthunk/</</<@resource://devtools/client/shared/redux/middleware/thunk.js:17:11\n_onMarkupMutation@resource://devtools/client/inspector/compatibility/CompatibilityView.js:203:30\n_emit@resource://devtools/shared/event-emitter.js:242:32\nemit@resource://devtools/shared/event-emitter.js:186:18\nemit@resource://devtools/shared/event-emitter.js:330:18\n_onWalkerMutations/<@resource://devtools/client/inspector/markup/markup.js:1550:22\n"
console.error: "[COMPATIBILITY_UPDATE_TOP_LEVEL_TARGET_FAILURE] this.parentFront is null"
console.error: "get inspectorFront@resource://devtools/client/fronts/node.js:485:5\n_getNodeIssues@resource://devtools/client/inspector/compatibility/actions/compatibility.js:250:25\n_inspectNode@resource://devtools/client/inspector/compatibility/actions/compatibility.js:264:24\n_inspectNode@resource://devtools/client/inspector/compatibility/actions/compatibility.js:276:11\n"
console.error: "[COMPATIBILITY_UPDATE_TOP_LEVEL_TARGET_FAILURE] Connection closed, pending request to server0.conn0.windowGlobal4294967298/domwalker26, type children failed\n\nRequest stack:\nrequest@resource://devtools/shared/protocol/Front.js:300:14\ngenerateRequestMethods/</frontProto[name]@resource://devtools/shared/protocol/Front/FrontClassWithSpec.js:47:19\nchildren@resource://devtools/client/fronts/walker.js:340:20\n_inspectNode@resource://devtools/client/inspector/compatibility/actions/compatibility.js:274:44\n"
console.error: "baseFrontClassDestroy@resource://devtools/shared/protocol/Front.js:106:23\ndestroy@resource://devtools/shared/protocol/Front.js:74:10\ndestroy@resource://devtools/shared/protocol/Pool.js:211:17\nbaseFrontClassDestroy@resource://devtools/shared/protocol/Front.js:110:13\ndestroy@resource://devtools/shared/protocol/Front.js:74:10\ndestroy@resource://devtools/client/fronts/inspector.js:138:11\n_destroyTarget@resource://devtools/client/fronts/targets/target-mixin.js:620:17\n"
JavaScript error: , line 0: NotFoundError: No such JSWindowActor 'DevToolsFrame'
JavaScript error: , line 0: NotFoundError: No such JSWindowActor 'DevToolsFrame'
JavaScript error: , line 0: NotFoundError: No such JSWindowActor 'DevToolsFrame'
JavaScript error: , line 0: NotFoundError: No such JSWindowActor 'DevToolsFrame'
JavaScript error: , line 0: NotFoundError: No such JSWindowActor 'DevToolsFrame'
JavaScript error: , line 0: NotFoundError: No such JSWindowActor 'DevToolsFrame'
JavaScript error: , line 0: NotFoundError: No such JSWindowActor 'DevToolsFrame'
JavaScript error: , line 0: NotFoundError: No such JSWindowActor 'DevToolsFrame'
JavaScript error: , line 0: NotFoundError: No such JSWindowActor 'DevToolsFrame'
JavaScript error: , line 0: NotFoundError: No such JSWindowActor 'DevToolsFrame'
[Parent 316312, Main Thread] WARNING: g_type_add_interface_static: assertion 'g_type_parent (interface_type) == G_TYPE_INTERFACE' failed: 'glib warning', file /build/firefox/parts/firefox/build/toolkit/xre/nsSigHandlers.cpp:167

(firefox:316312): GLib-GObject-CRITICAL **: 21:48:37.704: g_type_add_interface_static: assertion 'g_type_parent (interface_type) == G_TYPE_INTERFACE' failed
[Parent 316312, Main Thread] WARNING: g_type_add_interface_static: assertion 'g_type_parent (interface_type) == G_TYPE_INTERFACE' failed: 'glib warning', file /build/firefox/parts/firefox/build/toolkit/xre/nsSigHandlers.cpp:167

(firefox:316312): GLib-GObject-CRITICAL **: 21:48:37.704: g_type_add_interface_static: assertion 'g_type_parent (interface_type) == G_TYPE_INTERFACE' failed
[Parent 316312, Main Thread] WARNING: g_type_add_interface_static: assertion 'g_type_parent (interface_type) == G_TYPE_INTERFACE' failed: 'glib warning', file /build/firefox/parts/firefox/build/toolkit/xre/nsSigHandlers.cpp:167

(firefox:316312): GLib-GObject-CRITICAL **: 21:48:37.705: g_type_add_interface_static: assertion 'g_type_parent (interface_type) == G_TYPE_INTERFACE' failed
[Parent 316312, Main Thread] WARNING: g_type_add_interface_static: assertion 'g_type_parent (interface_type) == G_TYPE_INTERFACE' failed: 'glib warning', file /build/firefox/parts/firefox/build/toolkit/xre/nsSigHandlers.cpp:167

(firefox:316312): GLib-GObject-CRITICAL **: 21:48:37.729: g_type_add_interface_static: assertion 'g_type_parent (interface_type) == G_TYPE_INTERFACE' failed
[Parent 316312, Main Thread] WARNING: g_type_add_interface_static: assertion 'g_type_parent (interface_type) == G_TYPE_INTERFACE' failed: 'glib warning', file /build/firefox/parts/firefox/build/toolkit/xre/nsSigHandlers.cpp:167

(firefox:316312): GLib-GObject-CRITICAL **: 21:48:37.894: g_type_add_interface_static: assertion 'g_type_parent (interface_type) == G_TYPE_INTERFACE' failed
[Parent 316312, Main Thread] WARNING: g_type_add_interface_static: assertion 'g_type_parent (interface_type) == G_TYPE_INTERFACE' failed: 'glib warning', file /build/firefox/parts/firefox/build/toolkit/xre/nsSigHandlers.cpp:167

(firefox:316312): GLib-GObject-CRITICAL **: 21:48:37.894: g_type_add_interface_static: assertion 'g_type_parent (interface_type) == G_TYPE_INTERFACE' failed
[Parent 316312, Main Thread] WARNING: g_type_add_interface_static: assertion 'g_type_parent (interface_type) == G_TYPE_INTERFACE' failed: 'glib warning', file /build/firefox/parts/firefox/build/toolkit/xre/nsSigHandlers.cpp:167

(firefox:316312): GLib-GObject-CRITICAL **: 21:48:37.894: g_type_add_interface_static: assertion 'g_type_parent (interface_type) == G_TYPE_INTERFACE' failed
JavaScript error: , line 0: NotFoundError: No such JSWindowActor 'DevToolsFrame'
JavaScript error: , line 0: NotFoundError: No such JSWindowActor 'DevToolsFrame'
JavaScript error: , line 0: NotFoundError: No such JSWindowActor 'DevToolsFrame'
JavaScript error: , line 0: NotFoundError: No such JSWindowActor 'DevToolsFrame'
JavaScript error: , line 0: NotFoundError: No such JSWindowActor 'DevToolsFrame'
JavaScript error: , line 0: NotFoundError: No such JSWindowActor 'DevToolsFrame'
JavaScript error: , line 0: NotFoundError: No such JSWindowActor 'DevToolsFrame'
JavaScript error: , line 0: NotFoundError: No such JSWindowActor 'DevToolsFrame'
JavaScript error: , line 0: NotFoundError: No such JSWindowActor 'DevToolsFrame'
SourceActor threw an exception: [Exception... "Component returned failure code: 0x80470002 (NS_BASE_STREAM_CLOSED) [nsIInputStream.available]"  nsresult: "0x80470002 (NS_BASE_STREAM_CLOSED)"  location: "JS frame :: resource://devtools/shared/DevToolsUtils.js :: onResponse :: line 571"  data: no]
Stack: onResponse@resource://devtools/shared/DevToolsUtils.js:571:34
onStopRequest@resource://gre/modules/NetUtil.jsm:126:18
Line: 571, column: 0
console.error: ({})
SourceActor threw an exception: [Exception... "Component returned failure code: 0x80470002 (NS_BASE_STREAM_CLOSED) [nsIInputStream.available]"  nsresult: "0x80470002 (NS_BASE_STREAM_CLOSED)"  location: "JS frame :: resource://devtools/shared/DevToolsUtils.js :: onResponse :: line 571"  data: no]
Stack: onResponse@resource://devtools/shared/DevToolsUtils.js:571:34
onStopRequest@resource://gre/modules/NetUtil.jsm:126:18
Line: 571, column: 0
console.error: ({})
SourceActor threw an exception: [Exception... "Component returned failure code: 0x80470002 (NS_BASE_STREAM_CLOSED) [nsIInputStream.available]"  nsresult: "0x80470002 (NS_BASE_STREAM_CLOSED)"  location: "JS frame :: resource://devtools/shared/DevToolsUtils.js :: onResponse :: line 571"  data: no]
Stack: onResponse@resource://devtools/shared/DevToolsUtils.js:571:34
onStopRequest@resource://gre/modules/NetUtil.jsm:126:18
Line: 571, column: 0
console.error: ({})
SourceActor threw an exception: [Exception... "Component returned failure code: 0x80470002 (NS_BASE_STREAM_CLOSED) [nsIInputStream.available]"  nsresult: "0x80470002 (NS_BASE_STREAM_CLOSED)"  location: "JS frame :: resource://devtools/shared/DevToolsUtils.js :: onResponse :: line 571"  data: no]
Stack: onResponse@resource://devtools/shared/DevToolsUtils.js:571:34
onStopRequest@resource://gre/modules/NetUtil.jsm:126:18
Line: 571, column: 0
console.error: ({})
SourceActor threw an exception: [Exception... "Component returned failure code: 0x80470002 (NS_BASE_STREAM_CLOSED) [nsIInputStream.available]"  nsresult: "0x80470002 (NS_BASE_STREAM_CLOSED)"  location: "JS frame :: resource://devtools/shared/DevToolsUtils.js :: onResponse :: line 571"  data: no]
Stack: onResponse@resource://devtools/shared/DevToolsUtils.js:571:34
onStopRequest@resource://gre/modules/NetUtil.jsm:126:18
Line: 571, column: 0
console.error: ({})
JavaScript error: resource://devtools/shared/DevToolsUtils.js, line 571: NS_BASE_STREAM_CLOSED: Component returned failure code: 0x80470002 (NS_BASE_STREAM_CLOSED) [nsIInputStream.available]
JavaScript error: resource://devtools/shared/DevToolsUtils.js, line 571: NS_BASE_STREAM_CLOSED: Component returned failure code: 0x80470002 (NS_BASE_STREAM_CLOSED) [nsIInputStream.available]
JavaScript error: resource://devtools/shared/DevToolsUtils.js, line 571: NS_BASE_STREAM_CLOSED: Component returned failure code: 0x80470002 (NS_BASE_STREAM_CLOSED) [nsIInputStream.available]
JavaScript error: resource://devtools/shared/DevToolsUtils.js, line 571: NS_BASE_STREAM_CLOSED: Component returned failure code: 0x80470002 (NS_BASE_STREAM_CLOSED) [nsIInputStream.available]
JavaScript error: resource://devtools/shared/DevToolsUtils.js, line 571: NS_BASE_STREAM_CLOSED: Component returned failure code: 0x80470002 (NS_BASE_STREAM_CLOSED) [nsIInputStream.available]
console.error: "[COMPATIBILITY_APPEND_NODE_FAILURE] topLevelTarget is null"
console.error: "appendNode/<@resource://devtools/client/inspector/compatibility/actions/compatibility.js:58:26\nthunk/</</<@resource://devtools/client/shared/redux/middleware/thunk.js:17:11\n_onMarkupMutation@resource://devtools/client/inspector/compatibility/CompatibilityView.js:203:30\n_emit@resource://devtools/shared/event-emitter.js:242:32\nemit@resource://devtools/shared/event-emitter.js:186:18\nemit@resource://devtools/shared/event-emitter.js:330:18\n_onWalkerMutations/<@resource://devtools/client/inspector/markup/markup.js:1550:22\n"
console.error: "[COMPATIBILITY_APPEND_NODE_FAILURE] topLevelTarget is null"
console.error: "appendNode/<@resource://devtools/client/inspector/compatibility/actions/compatibility.js:58:26\nthunk/</</<@resource://devtools/client/shared/redux/middleware/thunk.js:17:11\n_onMarkupMutation@resource://devtools/client/inspector/compatibility/CompatibilityView.js:203:30\n_emit@resource://devtools/shared/event-emitter.js:242:32\nemit@resource://devtools/shared/event-emitter.js:186:18\nemit@resource://devtools/shared/event-emitter.js:330:18\n_onWalkerMutations/<@resource://devtools/client/inspector/markup/markup.js:1550:22\n"
console.error: "[COMPATIBILITY_APPEND_NODE_FAILURE] topLevelTarget is null"
console.error: "appendNode/<@resource://devtools/client/inspector/compatibility/actions/compatibility.js:58:26\nthunk/</</<@resource://devtools/client/shared/redux/middleware/thunk.js:17:11\n_onMarkupMutation@resource://devtools/client/inspector/compatibility/CompatibilityView.js:203:30\n_emit@resource://devtools/shared/event-emitter.js:242:32\nemit@resource://devtools/shared/event-emitter.js:186:18\nemit@resource://devtools/shared/event-emitter.js:330:18\n_onWalkerMutations/<@resource://devtools/client/inspector/markup/markup.js:1550:22\n"
console.error: "[COMPATIBILITY_APPEND_NODE_FAILURE] topLevelTarget is null"
console.error: "appendNode/<@resource://devtools/client/inspector/compatibility/actions/compatibility.js:58:26\nthunk/</</<@resource://devtools/client/shared/redux/middleware/thunk.js:17:11\n_onMarkupMutation@resource://devtools/client/inspector/compatibility/CompatibilityView.js:203:30\n_emit@resource://devtools/shared/event-emitter.js:242:32\nemit@resource://devtools/shared/event-emitter.js:186:18\nemit@resource://devtools/shared/event-emitter.js:330:18\n_onWalkerMutations/<@resource://devtools/client/inspector/markup/markup.js:1550:22\n"
console.error: "[COMPATIBILITY_APPEND_NODE_FAILURE] topLevelTarget is null"
console.error: "appendNode/<@resource://devtools/client/inspector/compatibility/actions/compatibility.js:58:26\nthunk/</</<@resource://devtools/client/shared/redux/middleware/thunk.js:17:11\n_onMarkupMutation@resource://devtools/client/inspector/compatibility/CompatibilityView.js:203:30\n_emit@resource://devtools/shared/event-emitter.js:242:32\nemit@resource://devtools/shared/event-emitter.js:186:18\nemit@resource://devtools/shared/event-emitter.js:330:18\n_onWalkerMutations/<@resource://devtools/client/inspector/markup/markup.js:1550:22\n"
console.error: "[COMPATIBILITY_APPEND_NODE_FAILURE] topLevelTarget is null"
console.error: "appendNode/<@resource://devtools/client/inspector/compatibility/actions/compatibility.js:58:26\nthunk/</</<@resource://devtools/client/shared/redux/middleware/thunk.js:17:11\n_onMarkupMutation@resource://devtools/client/inspector/compatibility/CompatibilityView.js:203:30\n_emit@resource://devtools/shared/event-emitter.js:242:32\nemit@resource://devtools/shared/event-emitter.js:186:18\nemit@resource://devtools/shared/event-emitter.js:330:18\n_onWalkerMutations/<@resource://devtools/client/inspector/markup/markup.js:1550:22\n"
console.error: "[COMPATIBILITY_APPEND_NODE_FAILURE] topLevelTarget is null"
console.error: "appendNode/<@resource://devtools/client/inspector/compatibility/actions/compatibility.js:58:26\nthunk/</</<@resource://devtools/client/shared/redux/middleware/thunk.js:17:11\n_onMarkupMutation@resource://devtools/client/inspector/compatibility/CompatibilityView.js:203:30\n_emit@resource://devtools/shared/event-emitter.js:242:32\nemit@resource://devtools/shared/event-emitter.js:186:18\nemit@resource://devtools/shared/event-emitter.js:330:18\n_onWalkerMutations/<@resource://devtools/client/inspector/markup/markup.js:1550:22\n"
console.error: "[COMPATIBILITY_APPEND_NODE_FAILURE] topLevelTarget is null"
console.error: "appendNode/<@resource://devtools/client/inspector/compatibility/actions/compatibility.js:58:26\nthunk/</</<@resource://devtools/client/shared/redux/middleware/thunk.js:17:11\n_onMarkupMutation@resource://devtools/client/inspector/compatibility/CompatibilityView.js:203:30\n_emit@resource://devtools/shared/event-emitter.js:242:32\nemit@resource://devtools/shared/event-emitter.js:186:18\nemit@resource://devtools/shared/event-emitter.js:330:18\n_onWalkerMutations/<@resource://devtools/client/inspector/markup/markup.js:1550:22\n"
console.error: "[COMPATIBILITY_APPEND_NODE_FAILURE] topLevelTarget is null"
console.error: "appendNode/<@resource://devtools/client/inspector/compatibility/actions/compatibility.js:58:26\nthunk/</</<@resource://devtools/client/shared/redux/middleware/thunk.js:17:11\n_onMarkupMutation@resource://devtools/client/inspector/compatibility/CompatibilityView.js:203:30\n_emit@resource://devtools/shared/event-emitter.js:242:32\nemit@resource://devtools/shared/event-emitter.js:186:18\nemit@resource://devtools/shared/event-emitter.js:330:18\n_onWalkerMutations/<@resource://devtools/client/inspector/markup/markup.js:1550:22\n"
console.error: "[COMPATIBILITY_APPEND_NODE_FAILURE] topLevelTarget is null"
console.error: "appendNode/<@resource://devtools/client/inspector/compatibility/actions/compatibility.js:58:26\nthunk/</</<@resource://devtools/client/shared/redux/middleware/thunk.js:17:11\n_onMarkupMutation@resource://devtools/client/inspector/compatibility/CompatibilityView.js:203:30\n_emit@resource://devtools/shared/event-emitter.js:242:32\nemit@resource://devtools/shared/event-emitter.js:186:18\nemit@resource://devtools/shared/event-emitter.js:330:18\n_onWalkerMutations/<@resource://devtools/client/inspector/markup/markup.js:1550:22\n"
console.error: "[COMPATIBILITY_APPEND_NODE_FAILURE] topLevelTarget is null"
console.error: "appendNode/<@resource://devtools/client/inspector/compatibility/actions/compatibility.js:58:26\nthunk/</</<@resource://devtools/client/shared/redux/middleware/thunk.js:17:11\n_onMarkupMutation@resource://devtools/client/inspector/compatibility/CompatibilityView.js:203:30\n_emit@resource://devtools/shared/event-emitter.js:242:32\nemit@resource://devtools/shared/event-emitter.js:186:18\nemit@resource://devtools/shared/event-emitter.js:330:18\n_onWalkerMutations/<@resource://devtools/client/inspector/markup/markup.js:1550:22\n"
console.error: "[COMPATIBILITY_APPEND_NODE_FAILURE] topLevelTarget is null"
console.error: "appendNode/<@resource://devtools/client/inspector/compatibility/actions/compatibility.js:58:26\nthunk/</</<@resource://devtools/client/shared/redux/middleware/thunk.js:17:11\n_onMarkupMutation@resource://devtools/client/inspector/compatibility/CompatibilityView.js:203:30\n_emit@resource://devtools/shared/event-emitter.js:242:32\nemit@resource://devtools/shared/event-emitter.js:186:18\nemit@resource://devtools/shared/event-emitter.js:330:18\n_onWalkerMutations/<@resource://devtools/client/inspector/markup/markup.js:1550:22\n"
console.error: "[COMPATIBILITY_APPEND_NODE_FAILURE] topLevelTarget is null"
console.error: "appendNode/<@resource://devtools/client/inspector/compatibility/actions/compatibility.js:58:26\nthunk/</</<@resource://devtools/client/shared/redux/middleware/thunk.js:17:11\n_onMarkupMutation@resource://devtools/client/inspector/compatibility/CompatibilityView.js:203:30\n_emit@resource://devtools/shared/event-emitter.js:242:32\nemit@resource://devtools/shared/event-emitter.js:186:18\nemit@resource://devtools/shared/event-emitter.js:330:18\n_onWalkerMutations/<@resource://devtools/client/inspector/markup/markup.js:1550:22\n"
console.error: "[COMPATIBILITY_APPEND_NODE_FAILURE] topLevelTarget is null"
console.error: "appendNode/<@resource://devtools/client/inspector/compatibility/actions/compatibility.js:58:26\nthunk/</</<@resource://devtools/client/shared/redux/middleware/thunk.js:17:11\n_onMarkupMutation@resource://devtools/client/inspector/compatibility/CompatibilityView.js:203:30\n_emit@resource://devtools/shared/event-emitter.js:242:32\nemit@resource://devtools/shared/event-emitter.js:186:18\nemit@resource://devtools/shared/event-emitter.js:330:18\n_onWalkerMutations/<@resource://devtools/client/inspector/markup/markup.js:1550:22\n"
console.error: "[COMPATIBILITY_APPEND_NODE_FAILURE] topLevelTarget is null"
console.error: "appendNode/<@resource://devtools/client/inspector/compatibility/actions/compatibility.js:58:26\nthunk/</</<@resource://devtools/client/shared/redux/middleware/thunk.js:17:11\n_onMarkupMutation@resource://devtools/client/inspector/compatibility/CompatibilityView.js:203:30\n_emit@resource://devtools/shared/event-emitter.js:242:32\nemit@resource://devtools/shared/event-emitter.js:186:18\nemit@resource://devtools/shared/event-emitter.js:330:18\n_onWalkerMutations/<@resource://devtools/client/inspector/markup/markup.js:1550:22\n"
console.error: "[COMPATIBILITY_APPEND_NODE_FAILURE] topLevelTarget is null"
console.error: "appendNode/<@resource://devtools/client/inspector/compatibility/actions/compatibility.js:58:26\nthunk/</</<@resource://devtools/client/shared/redux/middleware/thunk.js:17:11\n_onMarkupMutation@resource://devtools/client/inspector/compatibility/CompatibilityView.js:203:30\n_emit@resource://devtools/shared/event-emitter.js:242:32\nemit@resource://devtools/shared/event-emitter.js:186:18\nemit@resource://devtools/shared/event-emitter.js:330:18\n_onWalkerMutations/<@resource://devtools/client/inspector/markup/markup.js:1550:22\n"
console.error: "[COMPATIBILITY_APPEND_NODE_FAILURE] topLevelTarget is null"
console.error: "appendNode/<@resource://devtools/client/inspector/compatibility/actions/compatibility.js:58:26\nthunk/</</<@resource://devtools/client/shared/redux/middleware/thunk.js:17:11\n_onMarkupMutation@resource://devtools/client/inspector/compatibility/CompatibilityView.js:203:30\n_emit@resource://devtools/shared/event-emitter.js:242:32\nemit@resource://devtools/shared/event-emitter.js:186:18\nemit@resource://devtools/shared/event-emitter.js:330:18\n_onWalkerMutations/<@resource://devtools/client/inspector/markup/markup.js:1550:22\n"
console.error: "[COMPATIBILITY_APPEND_NODE_FAILURE] topLevelTarget is null"
console.error: "appendNode/<@resource://devtools/client/inspector/compatibility/actions/compatibility.js:58:26\nthunk/</</<@resource://devtools/client/shared/redux/middleware/thunk.js:17:11\n_onMarkupMutation@resource://devtools/client/inspector/compatibility/CompatibilityView.js:203:30\n_emit@resource://devtools/shared/event-emitter.js:242:32\nemit@resource://devtools/shared/event-emitter.js:186:18\nemit@resource://devtools/shared/event-emitter.js:330:18\n_onWalkerMutations/<@resource://devtools/client/inspector/markup/markup.js:1550:22\n"
console.error: "[COMPATIBILITY_APPEND_NODE_FAILURE] topLevelTarget is null"
console.error: "appendNode/<@resource://devtools/client/inspector/compatibility/actions/compatibility.js:58:26\nthunk/</</<@resource://devtools/client/shared/redux/middleware/thunk.js:17:11\n_onMarkupMutation@resource://devtools/client/inspector/compatibility/CompatibilityView.js:203:30\n_emit@resource://devtools/shared/event-emitter.js:242:32\nemit@resource://devtools/shared/event-emitter.js:186:18\nemit@resource://devtools/shared/event-emitter.js:330:18\n_onWalkerMutations/<@resource://devtools/client/inspector/markup/markup.js:1550:22\n"
console.error: "[COMPATIBILITY_APPEND_NODE_FAILURE] topLevelTarget is null"
console.error: "appendNode/<@resource://devtools/client/inspector/compatibility/actions/compatibility.js:58:26\nthunk/</</<@resource://devtools/client/shared/redux/middleware/thunk.js:17:11\n_onMarkupMutation@resource://devtools/client/inspector/compatibility/CompatibilityView.js:203:30\n_emit@resource://devtools/shared/event-emitter.js:242:32\nemit@resource://devtools/shared/event-emitter.js:186:18\nemit@resource://devtools/shared/event-emitter.js:330:18\n_onWalkerMutations/<@resource://devtools/client/inspector/markup/markup.js:1550:22\n"
console.error: "[COMPATIBILITY_APPEND_NODE_FAILURE] topLevelTarget is null"
console.error: "appendNode/<@resource://devtools/client/inspector/compatibility/actions/compatibility.js:58:26\nthunk/</</<@resource://devtools/client/shared/redux/middleware/thunk.js:17:11\n_onMarkupMutation@resource://devtools/client/inspector/compatibility/CompatibilityView.js:203:30\n_emit@resource://devtools/shared/event-emitter.js:242:32\nemit@resource://devtools/shared/event-emitter.js:186:18\nemit@resource://devtools/shared/event-emitter.js:330:18\n_onWalkerMutations/<@resource://devtools/client/inspector/markup/markup.js:1550:22\n"
console.error: "[COMPATIBILITY_APPEND_NODE_FAILURE] topLevelTarget is null"
console.error: "appendNode/<@resource://devtools/client/inspector/compatibility/actions/compatibility.js:58:26\nthunk/</</<@resource://devtools/client/shared/redux/middleware/thunk.js:17:11\n_onMarkupMutation@resource://devtools/client/inspector/compatibility/CompatibilityView.js:203:30\n_emit@resource://devtools/shared/event-emitter.js:242:32\nemit@resource://devtools/shared/event-emitter.js:186:18\nemit@resource://devtools/shared/event-emitter.js:330:18\n_onWalkerMutations/<@resource://devtools/client/inspector/markup/markup.js:1550:22\n"
console.error: "[COMPATIBILITY_APPEND_NODE_FAILURE] topLevelTarget is null"
console.error: "appendNode/<@resource://devtools/client/inspector/compatibility/actions/compatibility.js:58:26\nthunk/</</<@resource://devtools/client/shared/redux/middleware/thunk.js:17:11\n_onMarkupMutation@resource://devtools/client/inspector/compatibility/CompatibilityView.js:203:30\n_emit@resource://devtools/shared/event-emitter.js:242:32\nemit@resource://devtools/shared/event-emitter.js:186:18\nemit@resource://devtools/shared/event-emitter.js:330:18\n_onWalkerMutations/<@resource://devtools/client/inspector/markup/markup.js:1550:22\n"
JavaScript error: , line 0: NotFoundError: No such JSWindowActor 'DevToolsFrame'
JavaScript error: , line 0: NotFoundError: No such JSWindowActor 'DevToolsFrame'
JavaScript error: , line 0: NotFoundError: No such JSWindowActor 'DevToolsFrame'
JavaScript error: , line 0: NotFoundError: No such JSWindowActor 'DevToolsFrame'
JavaScript error: , line 0: NotFoundError: No such JSWindowActor 'DevToolsFrame'
JavaScript error: , line 0: NotFoundError: No such JSWindowActor 'DevToolsFrame'
JavaScript error: , line 0: NotFoundError: No such JSWindowActor 'DevToolsFrame'
JavaScript error: , line 0: NotFoundError: No such JSWindowActor 'DevToolsFrame'
JavaScript error: , line 0: NotFoundError: No such JSWindowActor 'DevToolsFrame'
JavaScript error: , line 0: NotFoundError: No such JSWindowActor 'DevToolsFrame'
1669755016519	Marionette	INFO	Stopped listening on port 41155
console.warn: TopSitesFeed: Failed to fetch data from Contile server: NetworkError when attempting to fetch resource.
